<?xml version="1.0" encoding="UTF-8"?>
<!-- Generated by org.testng.reporters.JUnitReportReporter -->
<testsuite hostname="ALIPLR2628" failures="0" tests="3" name="Runner.TestRunner" time="32.756" errors="0" timestamp="2021-05-24T23:43:54 IST" skipped="0">
  <testcase classname="Runner.TestRunner" name="runScenario" time="12.996"/>
  <testcase classname="Runner.TestRunner" name="runScenario" time="10.161"/>
  <testcase classname="Runner.TestRunner" name="runScenario" time="9.599"/>
</testsuite> <!-- Runner.TestRunner -->
