<?xml version="1.0" encoding="UTF-8"?>
<!-- Generated by org.testng.reporters.JUnitReportReporter -->
<testsuite skipped="0" hostname="ALIPLR2628" name="Runner.TestRunner" tests="7" failures="0" timestamp="2021-12-22T14:22:55 IST" time="234.758" errors="0">
  <testcase name="runScenario" time="35.575" classname="Runner.TestRunner"/>
  <testcase name="runScenario" time="46.109" classname="Runner.TestRunner"/>
  <testcase name="runScenario" time="47.808" classname="Runner.TestRunner"/>
  <testcase name="runScenario" time="16.841" classname="Runner.TestRunner"/>
  <testcase name="runScenario" time="18.905" classname="Runner.TestRunner"/>
  <testcase name="runScenario" time="39.275" classname="Runner.TestRunner"/>
  <testcase name="runScenario" time="30.245" classname="Runner.TestRunner"/>
</testsuite> <!-- Runner.TestRunner -->
